{"name": "Login valid user", "status": "failed", "statusDetails": {"message": "AssertionError: \nExpected: one of ('E', 'r', 'r', 'o', 'r', ' ', 'P', 'a', 'g', 'e')\n     but: was 'Welcome Page'\n\n", "trace": "  File \"c:\\users\\johnson_zhong\\pycharmprojects\\behavedemo\\venv\\lib\\site-packages\\behave\\model.py\", line 1329, in run\n    match.run(runner.context)\n  File \"c:\\users\\johnson_zhong\\pycharmprojects\\behavedemo\\venv\\lib\\site-packages\\behave\\matchers.py\", line 98, in run\n    self.func(context, *args, **kwargs)\n  File \"steps\\login.py\", line 22, in step_impl\n    assert_that (\"Welcome Page\", is_in(context.browser.title) )\n  File \"c:\\users\\johnson_zhong\\pycharmprojects\\behavedemo\\venv\\lib\\site-packages\\hamcrest\\core\\assert_that.py\", line 43, in assert_that\n    _assert_match(actual=arg1, matcher=arg2, reason=arg3)\n  File \"c:\\users\\johnson_zhong\\pycharmprojects\\behavedemo\\venv\\lib\\site-packages\\hamcrest\\core\\assert_that.py\", line 57, in _assert_match\n    raise AssertionError(description)\n"}, "start": 1594102782026, "stop": 1594102791927, "uuid": "96cdd9db-d973-4da3-a42f-6127edaac123", "historyId": "828847bd755f080eb1fdaf1ea16e8c0d", "labels": [{"name": "tag", "value": "login_fail"}, {"name": "tag", "value": "login"}, {"name": "severity", "value": "normal"}, {"name": "feature", "value": "Login & Logout"}, {"name": "framework", "value": "behave"}, {"name": "language", "value": "cpython3"}]}