<?xml version="1.0" encoding="UTF-8"?>
<robot generator="Robot 3.2.1 (Python 3.8.3 on win32)" generated="20200605 10:27:51.146" rpa="false">
<suite id="s1" name="Test Employee" source="C:\Users\janey_zhou\Desktop\UI API Automation\Framewrok\RFAuto\API\test_suite\test_employee.robot">
<kw name="Create Session" library="RequestsLibrary" type="setup">
<doc>Create Session: create a HTTP session to a server</doc>
<arguments>
<arg>mySession</arg>
<arg>http://dummy.restapiexample.com</arg>
<arg>headers=${HEADERS}</arg>
<arg>cookies=${COOKIES}</arg>
</arguments>
<msg timestamp="20200605 10:27:51.260" level="INFO">Creating Session using : alias=mySession, url=http://dummy.restapiexample.com, headers={'user-Agent': 'Mozilla/5.0 (Linux; Android 6.0; Nexus 5 Build/MRA58N) AppleWebKit/537.36 (KHTML, like Gecko) Chrome/81.0.4044.138 Mobile Safari/537.36'},                     cookies={'PHPSESSID': '8b21d368520c85b483d3a0db857e8f43'}, auth=None, timeout=None, proxies=None, verify=False,                     debug=0 </msg>
<status status="PASS" starttime="20200605 10:27:51.260" endtime="20200605 10:27:51.260"></status>
</kw>
<test id="s1-t1" name="Get employee list">
<kw name="Get Employees" library="employee_resource">
<kw name="Get Request" library="RequestsLibrary">
<doc>Send a GET request on the session object found using the
given `alias`</doc>
<arguments>
<arg>mySession</arg>
<arg>/api/v1/employees</arg>
</arguments>
<assign>
<var>${response}</var>
</assign>
<msg timestamp="20200605 10:27:52.226" level="INFO">GET Request : url=http://dummy.restapiexample.com/api/v1/employees 
 path_url=/api/v1/employees 
 headers={'user-Agent': 'Mozilla/5.0 (Linux; Android 6.0; Nexus 5 Build/MRA58N) AppleWebKit/537.36 (KHTML, like Gecko) Chrome/81.0.4044.138 Mobile Safari/537.36', 'Accept-Encoding': 'gzip, deflate', 'Accept': '*/*', 'Connection': 'keep-alive', 'Cookie': 'PHPSESSID=8b21d368520c85b483d3a0db857e8f43'} 
 body=None 
 </msg>
<msg timestamp="20200605 10:27:52.226" level="INFO">GET Response : url=http://dummy.restapiexample.com/api/v1/employees 
 status=200, reason=OK 
 body={"status":"success","data":[{"id":"1","employee_name":"Tiger Nixon","employee_salary":"320800","employee_age":"61","profile_image":""},{"id":"2","employee_name":"Garrett Winters","employee_salary":"170750","employee_age":"63","profile_image":""},{"id":"3","employee_name":"Ashton Cox","employee_salary":"86000","employee_age":"66","profile_image":""},{"id":"4","employee_name":"Cedric Kelly","employee_salary":"433060","employee_age":"22","profile_image":""},{"id":"5","employee_name":"Airi Satou","employee_salary":"162700","employee_age":"33","profile_image":""},{"id":"6","employee_name":"Brielle Williamson","employee_salary":"372000","employee_age":"61","profile_image":""},{"id":"7","employee_name":"Herrod Chandler","employee_salary":"137500","employee_age":"59","profile_image":""},{"id":"8","employee_name":"Rhona Davidson","employee_salary":"327900","employee_age":"55","profile_image":""},{"id":"9","employee_name":"Colleen Hurst","employee_salary":"205500","employee_age":"39","profile_image":""},{"id":"10","employee_name":"Sonya Frost","employee_salary":"103600","employee_age":"23","profile_image":""},{"id":"11","employee_name":"Jena Gaines","employee_salary":"90560","employee_age":"30","profile_image":""},{"id":"12","employee_name":"Quinn Flynn","employee_salary":"342000","employee_age":"22","profile_image":""},{"id":"13","employee_name":"Charde Marshall","employee_salary":"470600","employee_age":"36","profile_image":""},{"id":"14","employee_name":"Haley Kennedy","employee_salary":"313500","employee_age":"43","profile_image":""},{"id":"15","employee_name":"Tatyana Fitzpatrick","employee_salary":"385750","employee_age":"19","profile_image":""},{"id":"16","employee_name":"Michael Silva","employee_salary":"198500","employee_age":"66","profile_image":""},{"id":"17","employee_name":"Paul Byrd","employee_salary":"725000","employee_age":"64","profile_image":""},{"id":"18","employee_name":"Gloria Little","employee_salary":"237500","employee_age":"59","profile_image":""},{"id":"19","employee_name":"Bradley Greer","employee_salary":"132000","employee_age":"41","profile_image":""},{"id":"20","employee_name":"Dai Rios","employee_salary":"217500","employee_age":"35","profile_image":""},{"id":"21","employee_name":"Jenette Caldwell","employee_salary":"345000","employee_age":"30","profile_image":""},{"id":"22","employee_name":"Yuri Berry","employee_salary":"675000","employee_age":"40","profile_image":""},{"id":"23","employee_name":"Caesar Vance","employee_salary":"106450","employee_age":"21","profile_image":""},{"id":"24","employee_name":"Doris Wilder","employee_salary":"85600","employee_age":"23","profile_image":""},{"employee_name":"test1","employee_salary":"10000","employee_age":"23","id":40}]} 
 </msg>
<msg timestamp="20200605 10:27:52.226" level="INFO">${response} = &lt;Response [200]&gt;</msg>
<status status="PASS" starttime="20200605 10:27:51.260" endtime="20200605 10:27:52.226"></status>
</kw>
<kw name="Status Should Be" library="RequestsLibrary">
<doc>Fails if response status code is different than the expected.</doc>
<arguments>
<arg>200</arg>
<arg>${response}</arg>
</arguments>
<status status="PASS" starttime="20200605 10:27:52.226" endtime="20200605 10:27:52.226"></status>
</kw>
<kw name="To Json" library="RequestsLibrary">
<doc>Convert a string to a JSON object</doc>
<arguments>
<arg>${response.content}</arg>
</arguments>
<assign>
<var>${res}</var>
</assign>
<msg timestamp="20200605 10:27:52.226" level="INFO">To JSON using : content={"status":"success","data":[{"id":"1","employee_name":"Tiger Nixon","employee_salary":"320800","employee_age":"61","profile_image":""},{"id":"2","employee_name":"Garrett Winters","employee_salary":"170750","employee_age":"63","profile_image":""},{"id":"3","employee_name":"Ashton Cox","employee_salary":"86000","employee_age":"66","profile_image":""},{"id":"4","employee_name":"Cedric Kelly","employee_salary":"433060","employee_age":"22","profile_image":""},{"id":"5","employee_name":"Airi Satou","employee_salary":"162700","employee_age":"33","profile_image":""},{"id":"6","employee_name":"Brielle Williamson","employee_salary":"372000","employee_age":"61","profile_image":""},{"id":"7","employee_name":"Herrod Chandler","employee_salary":"137500","employee_age":"59","profile_image":""},{"id":"8","employee_name":"Rhona Davidson","employee_salary":"327900","employee_age":"55","profile_image":""},{"id":"9","employee_name":"Colleen Hurst","employee_salary":"205500","employee_age":"39","profile_image":""},{"id":"10","employee_name":"Sonya Frost","employee_salary":"103600","employee_age":"23","profile_image":""},{"id":"11","employee_name":"Jena Gaines","employee_salary":"90560","employee_age":"30","profile_image":""},{"id":"12","employee_name":"Quinn Flynn","employee_salary":"342000","employee_age":"22","profile_image":""},{"id":"13","employee_name":"Charde Marshall","employee_salary":"470600","employee_age":"36","profile_image":""},{"id":"14","employee_name":"Haley Kennedy","employee_salary":"313500","employee_age":"43","profile_image":""},{"id":"15","employee_name":"Tatyana Fitzpatrick","employee_salary":"385750","employee_age":"19","profile_image":""},{"id":"16","employee_name":"Michael Silva","employee_salary":"198500","employee_age":"66","profile_image":""},{"id":"17","employee_name":"Paul Byrd","employee_salary":"725000","employee_age":"64","profile_image":""},{"id":"18","employee_name":"Gloria Little","employee_salary":"237500","employee_age":"59","profile_image":""},{"id":"19","employee_name":"Bradley Greer","employee_salary":"132000","employee_age":"41","profile_image":""},{"id":"20","employee_name":"Dai Rios","employee_salary":"217500","employee_age":"35","profile_image":""},{"id":"21","employee_name":"Jenette Caldwell","employee_salary":"345000","employee_age":"30","profile_image":""},{"id":"22","employee_name":"Yuri Berry","employee_salary":"675000","employee_age":"40","profile_image":""},{"id":"23","employee_name":"Caesar Vance","employee_salary":"106450","employee_age":"21","profile_image":""},{"id":"24","employee_name":"Doris Wilder","employee_salary":"85600","employee_age":"23","profile_image":""},{"employee_name":"test1","employee_salary":"10000","employee_age":"23","id":40}]} </msg>
<msg timestamp="20200605 10:27:52.226" level="INFO">To JSON using : pretty_print=False </msg>
<msg timestamp="20200605 10:27:52.226" level="INFO">${res} = {'status': 'success', 'data': [{'id': '1', 'employee_name': 'Tiger Nixon', 'employee_salary': '320800', 'employee_age': '61', 'profile_image': ''}, {'id': '2', 'employee_name': 'Garrett Winters', 'emp...</msg>
<status status="PASS" starttime="20200605 10:27:52.226" endtime="20200605 10:27:52.226"></status>
</kw>
<status status="PASS" starttime="20200605 10:27:51.260" endtime="20200605 10:27:52.226"></status>
</kw>
<tags>
<tag>GET</tag>
</tags>
<status status="PASS" starttime="20200605 10:27:51.260" endtime="20200605 10:27:52.226" critical="yes"></status>
</test>
<test id="s1-t2" name="Create a specified employee">
<kw name="Create Employee" library="employee_resource">
<arguments>
<arg>user1</arg>
</arguments>
<kw name="Get Boby For Create Employee" library="employee_resource">
<arguments>
<arg>${user}</arg>
</arguments>
<assign>
<var>${body}</var>
</assign>
<kw name="Get Template User" library="employee_resource">
<assign>
<var>${template_user}</var>
</assign>
<kw name="Get File" library="OperatingSystem">
<doc>Returns the contents of a specified file.</doc>
<arguments>
<arg>${template_user_path}</arg>
</arguments>
<assign>
<var>${template_user}</var>
</assign>
<msg timestamp="20200605 10:27:52.226" level="INFO" html="yes">Getting file '&lt;a href="file://C:\Users\janey_zhou\Desktop\UI API Automation\Framewrok\RFAuto\API\test_suite\test_data\user_template.json"&gt;C:\Users\janey_zhou\Desktop\UI API Automation\Framewrok\RFAuto\API\test_suite\test_data\user_template.json&lt;/a&gt;'.</msg>
<msg timestamp="20200605 10:27:52.226" level="FAIL">FileNotFoundError: [Errno 2] No such file or directory: 'C:\\Users\\janey_zhou\\Desktop\\UI API Automation\\Framewrok\\RFAuto\\API\\test_suite\\test_data\\user_template.json'</msg>
<status status="FAIL" starttime="20200605 10:27:52.226" endtime="20200605 10:27:52.226"></status>
</kw>
<status status="FAIL" starttime="20200605 10:27:52.226" endtime="20200605 10:27:52.226"></status>
</kw>
<status status="FAIL" starttime="20200605 10:27:52.226" endtime="20200605 10:27:52.226"></status>
</kw>
<status status="FAIL" starttime="20200605 10:27:52.226" endtime="20200605 10:27:52.226"></status>
</kw>
<tags>
<tag>Create</tag>
</tags>
<status status="FAIL" starttime="20200605 10:27:52.226" endtime="20200605 10:27:52.226" critical="yes">FileNotFoundError: [Errno 2] No such file or directory: 'C:\\Users\\janey_zhou\\Desktop\\UI API Automation\\Framewrok\\RFAuto\\API\\test_suite\\test_data\\user_template.json'</status>
</test>
<test id="s1-t3" name="Delete an employee">
<kw name="Delete Employee" library="employee_resource">
<arguments>
<arg>54</arg>
</arguments>
<kw name="Delete Request" library="RequestsLibrary">
<doc>Send a DELETE request on the session object found using the
given `alias`</doc>
<arguments>
<arg>mySession</arg>
<arg>/api/v1/delete/${userId}</arg>
</arguments>
<assign>
<var>${response}</var>
</assign>
<msg timestamp="20200605 10:27:52.943" level="INFO">DELETE Request : url=http://dummy.restapiexample.com/api/v1/delete/54 
 path_url=/api/v1/delete/54 
 headers={'user-Agent': 'Mozilla/5.0 (Linux; Android 6.0; Nexus 5 Build/MRA58N) AppleWebKit/537.36 (KHTML, like Gecko) Chrome/81.0.4044.138 Mobile Safari/537.36', 'Accept-Encoding': 'gzip, deflate', 'Accept': '*/*', 'Connection': 'keep-alive', 'Cookie': 'active_template::133674=pub_site_mobile.1591324071; ezoab_133674=mod28-c; ezoadgid_133674=-1; ezoref_133674=; PHPSESSID=8b21d368520c85b483d3a0db857e8f43', 'Content-Length': '0'} 
 body=None 
 </msg>
<msg timestamp="20200605 10:27:52.943" level="INFO">DELETE Response : url=http://dummy.restapiexample.com/api/v1/delete/54 
 status=200, reason=OK 
 body={"status":"failed","message":"Error! Id must be greater than zerp"} 
 </msg>
<msg timestamp="20200605 10:27:52.943" level="INFO">${response} = &lt;Response [200]&gt;</msg>
<status status="PASS" starttime="20200605 10:27:52.226" endtime="20200605 10:27:52.943"></status>
</kw>
<kw name="Status Should Be" library="RequestsLibrary">
<doc>Fails if response status code is different than the expected.</doc>
<arguments>
<arg>200</arg>
<arg>${response}</arg>
</arguments>
<status status="PASS" starttime="20200605 10:27:52.943" endtime="20200605 10:27:52.943"></status>
</kw>
<status status="PASS" starttime="20200605 10:27:52.226" endtime="20200605 10:27:52.943"></status>
</kw>
<tags>
<tag>Delete</tag>
</tags>
<status status="PASS" starttime="20200605 10:27:52.226" endtime="20200605 10:27:52.943" critical="yes"></status>
</test>
<test id="s1-t4" name="Verify valid employee is created succesffully">
<kw name="Create Valid Employee" library="operate_employee">
<arguments>
<arg>user1</arg>
</arguments>
<kw name="Create Employee" library="employee_resource">
<arguments>
<arg>${user}</arg>
</arguments>
<assign>
<var>${act}</var>
</assign>
<kw name="Get Boby For Create Employee" library="employee_resource">
<arguments>
<arg>${user}</arg>
</arguments>
<assign>
<var>${body}</var>
</assign>
<kw name="Get Template User" library="employee_resource">
<assign>
<var>${template_user}</var>
</assign>
<kw name="Get File" library="OperatingSystem">
<doc>Returns the contents of a specified file.</doc>
<arguments>
<arg>${template_user_path}</arg>
</arguments>
<assign>
<var>${template_user}</var>
</assign>
<msg timestamp="20200605 10:27:52.943" level="INFO" html="yes">Getting file '&lt;a href="file://C:\Users\janey_zhou\Desktop\UI API Automation\Framewrok\RFAuto\API\test_suite\test_data\user_template.json"&gt;C:\Users\janey_zhou\Desktop\UI API Automation\Framewrok\RFAuto\API\test_suite\test_data\user_template.json&lt;/a&gt;'.</msg>
<msg timestamp="20200605 10:27:52.943" level="FAIL">FileNotFoundError: [Errno 2] No such file or directory: 'C:\\Users\\janey_zhou\\Desktop\\UI API Automation\\Framewrok\\RFAuto\\API\\test_suite\\test_data\\user_template.json'</msg>
<status status="FAIL" starttime="20200605 10:27:52.943" endtime="20200605 10:27:52.943"></status>
</kw>
<status status="FAIL" starttime="20200605 10:27:52.943" endtime="20200605 10:27:52.943"></status>
</kw>
<status status="FAIL" starttime="20200605 10:27:52.943" endtime="20200605 10:27:52.943"></status>
</kw>
<status status="FAIL" starttime="20200605 10:27:52.943" endtime="20200605 10:27:52.943"></status>
</kw>
<status status="FAIL" starttime="20200605 10:27:52.943" endtime="20200605 10:27:52.943"></status>
</kw>
<kw name="Create Valid Employee" library="operate_employee">
<arguments>
<arg>user2</arg>
</arguments>
<kw name="Create Employee" library="employee_resource">
<arguments>
<arg>${user}</arg>
</arguments>
<assign>
<var>${act}</var>
</assign>
<kw name="Get Boby For Create Employee" library="employee_resource">
<arguments>
<arg>${user}</arg>
</arguments>
<assign>
<var>${body}</var>
</assign>
<kw name="Get Template User" library="employee_resource">
<assign>
<var>${template_user}</var>
</assign>
<kw name="Get File" library="OperatingSystem">
<doc>Returns the contents of a specified file.</doc>
<arguments>
<arg>${template_user_path}</arg>
</arguments>
<assign>
<var>${template_user}</var>
</assign>
<msg timestamp="20200605 10:27:52.943" level="INFO" html="yes">Getting file '&lt;a href="file://C:\Users\janey_zhou\Desktop\UI API Automation\Framewrok\RFAuto\API\test_suite\test_data\user_template.json"&gt;C:\Users\janey_zhou\Desktop\UI API Automation\Framewrok\RFAuto\API\test_suite\test_data\user_template.json&lt;/a&gt;'.</msg>
<msg timestamp="20200605 10:27:52.943" level="FAIL">FileNotFoundError: [Errno 2] No such file or directory: 'C:\\Users\\janey_zhou\\Desktop\\UI API Automation\\Framewrok\\RFAuto\\API\\test_suite\\test_data\\user_template.json'</msg>
<status status="FAIL" starttime="20200605 10:27:52.943" endtime="20200605 10:27:52.943"></status>
</kw>
<status status="FAIL" starttime="20200605 10:27:52.943" endtime="20200605 10:27:52.943"></status>
</kw>
<status status="FAIL" starttime="20200605 10:27:52.943" endtime="20200605 10:27:52.943"></status>
</kw>
<status status="FAIL" starttime="20200605 10:27:52.943" endtime="20200605 10:27:52.943"></status>
</kw>
<status status="FAIL" starttime="20200605 10:27:52.943" endtime="20200605 10:27:52.943"></status>
</kw>
<kw name="Create Valid Employee" library="operate_employee">
<arguments>
<arg>user3</arg>
</arguments>
<kw name="Create Employee" library="employee_resource">
<arguments>
<arg>${user}</arg>
</arguments>
<assign>
<var>${act}</var>
</assign>
<kw name="Get Boby For Create Employee" library="employee_resource">
<arguments>
<arg>${user}</arg>
</arguments>
<assign>
<var>${body}</var>
</assign>
<kw name="Get Template User" library="employee_resource">
<assign>
<var>${template_user}</var>
</assign>
<kw name="Get File" library="OperatingSystem">
<doc>Returns the contents of a specified file.</doc>
<arguments>
<arg>${template_user_path}</arg>
</arguments>
<assign>
<var>${template_user}</var>
</assign>
<msg timestamp="20200605 10:27:52.958" level="INFO" html="yes">Getting file '&lt;a href="file://C:\Users\janey_zhou\Desktop\UI API Automation\Framewrok\RFAuto\API\test_suite\test_data\user_template.json"&gt;C:\Users\janey_zhou\Desktop\UI API Automation\Framewrok\RFAuto\API\test_suite\test_data\user_template.json&lt;/a&gt;'.</msg>
<msg timestamp="20200605 10:27:52.958" level="FAIL">FileNotFoundError: [Errno 2] No such file or directory: 'C:\\Users\\janey_zhou\\Desktop\\UI API Automation\\Framewrok\\RFAuto\\API\\test_suite\\test_data\\user_template.json'</msg>
<status status="FAIL" starttime="20200605 10:27:52.958" endtime="20200605 10:27:52.958"></status>
</kw>
<status status="FAIL" starttime="20200605 10:27:52.943" endtime="20200605 10:27:52.958"></status>
</kw>
<status status="FAIL" starttime="20200605 10:27:52.943" endtime="20200605 10:27:52.958"></status>
</kw>
<status status="FAIL" starttime="20200605 10:27:52.943" endtime="20200605 10:27:52.958"></status>
</kw>
<status status="FAIL" starttime="20200605 10:27:52.943" endtime="20200605 10:27:52.958"></status>
</kw>
<tags>
<tag>Verify</tag>
</tags>
<status status="FAIL" starttime="20200605 10:27:52.943" endtime="20200605 10:27:52.958" critical="yes">Several failures occurred:

1) FileNotFoundError: [Errno 2] No such file or directory: 'C:\\Users\\janey_zhou\\Desktop\\UI API Automation\\Framewrok\\RFAuto\\API\\test_suite\\test_data\\user_template.json'

2) FileNotFoundError: [Errno 2] No such file or directory: 'C:\\Users\\janey_zhou\\Desktop\\UI API Automation\\Framewrok\\RFAuto\\API\\test_suite\\test_data\\user_template.json'

3) FileNotFoundError: [Errno 2] No such file or directory: 'C:\\Users\\janey_zhou\\Desktop\\UI API Automation\\Framewrok\\RFAuto\\API\\test_suite\\test_data\\user_template.json'</status>
</test>
<test id="s1-t5" name="Verify new employee is displayed on employee list">
<kw name="New Employee In Employee List" library="operate_employee">
<arguments>
<arg>user1</arg>
</arguments>
<kw name="Create Employee" library="employee_resource">
<arguments>
<arg>${user}</arg>
</arguments>
<assign>
<var>${new_user}</var>
</assign>
<kw name="Get Boby For Create Employee" library="employee_resource">
<arguments>
<arg>${user}</arg>
</arguments>
<assign>
<var>${body}</var>
</assign>
<kw name="Get Template User" library="employee_resource">
<assign>
<var>${template_user}</var>
</assign>
<kw name="Get File" library="OperatingSystem">
<doc>Returns the contents of a specified file.</doc>
<arguments>
<arg>${template_user_path}</arg>
</arguments>
<assign>
<var>${template_user}</var>
</assign>
<msg timestamp="20200605 10:27:52.958" level="INFO" html="yes">Getting file '&lt;a href="file://C:\Users\janey_zhou\Desktop\UI API Automation\Framewrok\RFAuto\API\test_suite\test_data\user_template.json"&gt;C:\Users\janey_zhou\Desktop\UI API Automation\Framewrok\RFAuto\API\test_suite\test_data\user_template.json&lt;/a&gt;'.</msg>
<msg timestamp="20200605 10:27:52.958" level="FAIL">FileNotFoundError: [Errno 2] No such file or directory: 'C:\\Users\\janey_zhou\\Desktop\\UI API Automation\\Framewrok\\RFAuto\\API\\test_suite\\test_data\\user_template.json'</msg>
<status status="FAIL" starttime="20200605 10:27:52.958" endtime="20200605 10:27:52.958"></status>
</kw>
<status status="FAIL" starttime="20200605 10:27:52.958" endtime="20200605 10:27:52.958"></status>
</kw>
<status status="FAIL" starttime="20200605 10:27:52.958" endtime="20200605 10:27:52.958"></status>
</kw>
<status status="FAIL" starttime="20200605 10:27:52.958" endtime="20200605 10:27:52.958"></status>
</kw>
<status status="FAIL" starttime="20200605 10:27:52.958" endtime="20200605 10:27:52.958"></status>
</kw>
<tags>
<tag>Display</tag>
</tags>
<status status="FAIL" starttime="20200605 10:27:52.958" endtime="20200605 10:27:52.958" critical="yes">FileNotFoundError: [Errno 2] No such file or directory: 'C:\\Users\\janey_zhou\\Desktop\\UI API Automation\\Framewrok\\RFAuto\\API\\test_suite\\test_data\\user_template.json'</status>
</test>
<test id="s1-t6" name="Verify new employee can be deleted successfully">
<kw name="Delete The Created Employee" library="operate_employee">
<arguments>
<arg>user1</arg>
</arguments>
<kw name="Create Employee" library="employee_resource">
<arguments>
<arg>${user}</arg>
</arguments>
<assign>
<var>${new_user}</var>
</assign>
<kw name="Get Boby For Create Employee" library="employee_resource">
<arguments>
<arg>${user}</arg>
</arguments>
<assign>
<var>${body}</var>
</assign>
<kw name="Get Template User" library="employee_resource">
<assign>
<var>${template_user}</var>
</assign>
<kw name="Get File" library="OperatingSystem">
<doc>Returns the contents of a specified file.</doc>
<arguments>
<arg>${template_user_path}</arg>
</arguments>
<assign>
<var>${template_user}</var>
</assign>
<msg timestamp="20200605 10:27:52.958" level="INFO" html="yes">Getting file '&lt;a href="file://C:\Users\janey_zhou\Desktop\UI API Automation\Framewrok\RFAuto\API\test_suite\test_data\user_template.json"&gt;C:\Users\janey_zhou\Desktop\UI API Automation\Framewrok\RFAuto\API\test_suite\test_data\user_template.json&lt;/a&gt;'.</msg>
<msg timestamp="20200605 10:27:52.958" level="FAIL">FileNotFoundError: [Errno 2] No such file or directory: 'C:\\Users\\janey_zhou\\Desktop\\UI API Automation\\Framewrok\\RFAuto\\API\\test_suite\\test_data\\user_template.json'</msg>
<status status="FAIL" starttime="20200605 10:27:52.958" endtime="20200605 10:27:52.958"></status>
</kw>
<status status="FAIL" starttime="20200605 10:27:52.958" endtime="20200605 10:27:52.958"></status>
</kw>
<status status="FAIL" starttime="20200605 10:27:52.958" endtime="20200605 10:27:52.958"></status>
</kw>
<status status="FAIL" starttime="20200605 10:27:52.958" endtime="20200605 10:27:52.958"></status>
</kw>
<status status="FAIL" starttime="20200605 10:27:52.958" endtime="20200605 10:27:52.958"></status>
</kw>
<tags>
<tag>Delete</tag>
</tags>
<status status="FAIL" starttime="20200605 10:27:52.958" endtime="20200605 10:27:52.958" critical="yes">FileNotFoundError: [Errno 2] No such file or directory: 'C:\\Users\\janey_zhou\\Desktop\\UI API Automation\\Framewrok\\RFAuto\\API\\test_suite\\test_data\\user_template.json'</status>
</test>
<test id="s1-t7" name="Global new user">
<kw name="Create Employee" library="employee_resource">
<arguments>
<arg>user1</arg>
</arguments>
<assign>
<var>${NEWEMPLOYEE}</var>
</assign>
<kw name="Get Boby For Create Employee" library="employee_resource">
<arguments>
<arg>${user}</arg>
</arguments>
<assign>
<var>${body}</var>
</assign>
<kw name="Get Template User" library="employee_resource">
<assign>
<var>${template_user}</var>
</assign>
<kw name="Get File" library="OperatingSystem">
<doc>Returns the contents of a specified file.</doc>
<arguments>
<arg>${template_user_path}</arg>
</arguments>
<assign>
<var>${template_user}</var>
</assign>
<msg timestamp="20200605 10:27:52.958" level="INFO" html="yes">Getting file '&lt;a href="file://C:\Users\janey_zhou\Desktop\UI API Automation\Framewrok\RFAuto\API\test_suite\test_data\user_template.json"&gt;C:\Users\janey_zhou\Desktop\UI API Automation\Framewrok\RFAuto\API\test_suite\test_data\user_template.json&lt;/a&gt;'.</msg>
<msg timestamp="20200605 10:27:52.958" level="FAIL">FileNotFoundError: [Errno 2] No such file or directory: 'C:\\Users\\janey_zhou\\Desktop\\UI API Automation\\Framewrok\\RFAuto\\API\\test_suite\\test_data\\user_template.json'</msg>
<status status="FAIL" starttime="20200605 10:27:52.958" endtime="20200605 10:27:52.958"></status>
</kw>
<status status="FAIL" starttime="20200605 10:27:52.958" endtime="20200605 10:27:52.958"></status>
</kw>
<status status="FAIL" starttime="20200605 10:27:52.958" endtime="20200605 10:27:52.958"></status>
</kw>
<status status="FAIL" starttime="20200605 10:27:52.958" endtime="20200605 10:27:52.958"></status>
</kw>
<tags>
<tag>global</tag>
</tags>
<status status="FAIL" starttime="20200605 10:27:52.958" endtime="20200605 10:27:52.958" critical="yes">FileNotFoundError: [Errno 2] No such file or directory: 'C:\\Users\\janey_zhou\\Desktop\\UI API Automation\\Framewrok\\RFAuto\\API\\test_suite\\test_data\\user_template.json'</status>
</test>
<test id="s1-t8" name="Check new employee is displayed on employee list">
<kw name="Get Employees" library="employee_resource">
<assign>
<var>${employee_list}</var>
</assign>
<kw name="Get Request" library="RequestsLibrary">
<doc>Send a GET request on the session object found using the
given `alias`</doc>
<arguments>
<arg>mySession</arg>
<arg>/api/v1/employees</arg>
</arguments>
<assign>
<var>${response}</var>
</assign>
<msg timestamp="20200605 10:27:53.903" level="INFO">GET Request : url=http://dummy.restapiexample.com/api/v1/employees 
 path_url=/api/v1/employees 
 headers={'user-Agent': 'Mozilla/5.0 (Linux; Android 6.0; Nexus 5 Build/MRA58N) AppleWebKit/537.36 (KHTML, like Gecko) Chrome/81.0.4044.138 Mobile Safari/537.36', 'Accept-Encoding': 'gzip, deflate', 'Accept': '*/*', 'Connection': 'keep-alive', 'Cookie': 'active_template::133674=pub_site_mobile.1591324072; ezoab_133674=mod28-c; ezoadgid_133674=-1; ezoref_133674=; PHPSESSID=8b21d368520c85b483d3a0db857e8f43'} 
 body=None 
 </msg>
<msg timestamp="20200605 10:27:53.903" level="INFO">GET Response : url=http://dummy.restapiexample.com/api/v1/employees 
 status=200, reason=OK 
 body={"status":"success","data":[{"id":"1","employee_name":"Tiger Nixon","employee_salary":"320800","employee_age":"61","profile_image":""},{"id":"2","employee_name":"Garrett Winters","employee_salary":"170750","employee_age":"63","profile_image":""},{"id":"3","employee_name":"Ashton Cox","employee_salary":"86000","employee_age":"66","profile_image":""},{"id":"4","employee_name":"Cedric Kelly","employee_salary":"433060","employee_age":"22","profile_image":""},{"id":"5","employee_name":"Airi Satou","employee_salary":"162700","employee_age":"33","profile_image":""},{"id":"6","employee_name":"Brielle Williamson","employee_salary":"372000","employee_age":"61","profile_image":""},{"id":"7","employee_name":"Herrod Chandler","employee_salary":"137500","employee_age":"59","profile_image":""},{"id":"8","employee_name":"Rhona Davidson","employee_salary":"327900","employee_age":"55","profile_image":""},{"id":"9","employee_name":"Colleen Hurst","employee_salary":"205500","employee_age":"39","profile_image":""},{"id":"10","employee_name":"Sonya Frost","employee_salary":"103600","employee_age":"23","profile_image":""},{"id":"11","employee_name":"Jena Gaines","employee_salary":"90560","employee_age":"30","profile_image":""},{"id":"12","employee_name":"Quinn Flynn","employee_salary":"342000","employee_age":"22","profile_image":""},{"id":"13","employee_name":"Charde Marshall","employee_salary":"470600","employee_age":"36","profile_image":""},{"id":"14","employee_name":"Haley Kennedy","employee_salary":"313500","employee_age":"43","profile_image":""},{"id":"15","employee_name":"Tatyana Fitzpatrick","employee_salary":"385750","employee_age":"19","profile_image":""},{"id":"16","employee_name":"Michael Silva","employee_salary":"198500","employee_age":"66","profile_image":""},{"id":"17","employee_name":"Paul Byrd","employee_salary":"725000","employee_age":"64","profile_image":""},{"id":"18","employee_name":"Gloria Little","employee_salary":"237500","employee_age":"59","profile_image":""},{"id":"19","employee_name":"Bradley Greer","employee_salary":"132000","employee_age":"41","profile_image":""},{"id":"20","employee_name":"Dai Rios","employee_salary":"217500","employee_age":"35","profile_image":""},{"id":"21","employee_name":"Jenette Caldwell","employee_salary":"345000","employee_age":"30","profile_image":""},{"id":"22","employee_name":"Yuri Berry","employee_salary":"675000","employee_age":"40","profile_image":""},{"id":"23","employee_name":"Caesar Vance","employee_salary":"106450","employee_age":"21","profile_image":""},{"id":"24","employee_name":"Doris Wilder","employee_salary":"85600","employee_age":"23","profile_image":""},{"employee_name":"test1","employee_salary":"10000","employee_age":"23","id":40}]} 
 </msg>
<msg timestamp="20200605 10:27:53.904" level="INFO">${response} = &lt;Response [200]&gt;</msg>
<status status="PASS" starttime="20200605 10:27:52.958" endtime="20200605 10:27:53.904"></status>
</kw>
<kw name="Status Should Be" library="RequestsLibrary">
<doc>Fails if response status code is different than the expected.</doc>
<arguments>
<arg>200</arg>
<arg>${response}</arg>
</arguments>
<status status="PASS" starttime="20200605 10:27:53.904" endtime="20200605 10:27:53.904"></status>
</kw>
<kw name="To Json" library="RequestsLibrary">
<doc>Convert a string to a JSON object</doc>
<arguments>
<arg>${response.content}</arg>
</arguments>
<assign>
<var>${res}</var>
</assign>
<msg timestamp="20200605 10:27:53.904" level="INFO">To JSON using : content={"status":"success","data":[{"id":"1","employee_name":"Tiger Nixon","employee_salary":"320800","employee_age":"61","profile_image":""},{"id":"2","employee_name":"Garrett Winters","employee_salary":"170750","employee_age":"63","profile_image":""},{"id":"3","employee_name":"Ashton Cox","employee_salary":"86000","employee_age":"66","profile_image":""},{"id":"4","employee_name":"Cedric Kelly","employee_salary":"433060","employee_age":"22","profile_image":""},{"id":"5","employee_name":"Airi Satou","employee_salary":"162700","employee_age":"33","profile_image":""},{"id":"6","employee_name":"Brielle Williamson","employee_salary":"372000","employee_age":"61","profile_image":""},{"id":"7","employee_name":"Herrod Chandler","employee_salary":"137500","employee_age":"59","profile_image":""},{"id":"8","employee_name":"Rhona Davidson","employee_salary":"327900","employee_age":"55","profile_image":""},{"id":"9","employee_name":"Colleen Hurst","employee_salary":"205500","employee_age":"39","profile_image":""},{"id":"10","employee_name":"Sonya Frost","employee_salary":"103600","employee_age":"23","profile_image":""},{"id":"11","employee_name":"Jena Gaines","employee_salary":"90560","employee_age":"30","profile_image":""},{"id":"12","employee_name":"Quinn Flynn","employee_salary":"342000","employee_age":"22","profile_image":""},{"id":"13","employee_name":"Charde Marshall","employee_salary":"470600","employee_age":"36","profile_image":""},{"id":"14","employee_name":"Haley Kennedy","employee_salary":"313500","employee_age":"43","profile_image":""},{"id":"15","employee_name":"Tatyana Fitzpatrick","employee_salary":"385750","employee_age":"19","profile_image":""},{"id":"16","employee_name":"Michael Silva","employee_salary":"198500","employee_age":"66","profile_image":""},{"id":"17","employee_name":"Paul Byrd","employee_salary":"725000","employee_age":"64","profile_image":""},{"id":"18","employee_name":"Gloria Little","employee_salary":"237500","employee_age":"59","profile_image":""},{"id":"19","employee_name":"Bradley Greer","employee_salary":"132000","employee_age":"41","profile_image":""},{"id":"20","employee_name":"Dai Rios","employee_salary":"217500","employee_age":"35","profile_image":""},{"id":"21","employee_name":"Jenette Caldwell","employee_salary":"345000","employee_age":"30","profile_image":""},{"id":"22","employee_name":"Yuri Berry","employee_salary":"675000","employee_age":"40","profile_image":""},{"id":"23","employee_name":"Caesar Vance","employee_salary":"106450","employee_age":"21","profile_image":""},{"id":"24","employee_name":"Doris Wilder","employee_salary":"85600","employee_age":"23","profile_image":""},{"employee_name":"test1","employee_salary":"10000","employee_age":"23","id":40}]} </msg>
<msg timestamp="20200605 10:27:53.905" level="INFO">To JSON using : pretty_print=False </msg>
<msg timestamp="20200605 10:27:53.905" level="INFO">${res} = {'status': 'success', 'data': [{'id': '1', 'employee_name': 'Tiger Nixon', 'employee_salary': '320800', 'employee_age': '61', 'profile_image': ''}, {'id': '2', 'employee_name': 'Garrett Winters', 'emp...</msg>
<status status="PASS" starttime="20200605 10:27:53.904" endtime="20200605 10:27:53.905"></status>
</kw>
<msg timestamp="20200605 10:27:53.905" level="INFO">${employee_list} = {'status': 'success', 'data': [{'id': '1', 'employee_name': 'Tiger Nixon', 'employee_salary': '320800', 'employee_age': '61', 'profile_image': ''}, {'id': '2', 'employee_name': 'Garrett Winters', 'emp...</msg>
<status status="PASS" starttime="20200605 10:27:52.958" endtime="20200605 10:27:53.905"></status>
</kw>
<kw name="Set Variable" library="BuiltIn">
<doc>Returns the given values which can then be assigned to a variables.</doc>
<arguments>
<arg>${employee_list}[data]</arg>
</arguments>
<assign>
<var>@{emloyees}</var>
</assign>
<msg timestamp="20200605 10:27:53.905" level="INFO">@{emloyees} = [ {'id': '1', 'employee_name': 'Tiger Nixon', 'employee_salary': '320800', 'employee_age': '61', 'profile_image': ''} | {'id': '2', 'employee_name': 'Garrett Winters', 'employee_salary': '170750', 'em...</msg>
<status status="PASS" starttime="20200605 10:27:53.905" endtime="20200605 10:27:53.905"></status>
</kw>
<kw name="Log To Console" library="BuiltIn">
<doc>Logs the given message to the console.</doc>
<arguments>
<arg>${employee_list}</arg>
</arguments>
<status status="PASS" starttime="20200605 10:27:53.905" endtime="20200605 10:27:53.906"></status>
</kw>
<kw name="Create List" library="BuiltIn">
<doc>Returns a list containing given items.</doc>
<assign>
<var>@{id_list}</var>
</assign>
<msg timestamp="20200605 10:27:53.906" level="INFO">@{id_list} = [ ]</msg>
<status status="PASS" starttime="20200605 10:27:53.906" endtime="20200605 10:27:53.906"></status>
</kw>
<kw name="${item} IN [ @{emloyees} ]" type="for">
<kw name="${item} = {'id': '1', 'employee_name': 'Tiger Nixon', 'employee_salary': '320800', 'employee_age': '61', 'profile_image': ''}" type="foritem">
<kw name="Append To List" library="Collections">
<doc>Adds ``values`` to the end of ``list``.</doc>
<arguments>
<arg>${id_list}</arg>
<arg>${item}[id]</arg>
</arguments>
<status status="PASS" starttime="20200605 10:27:53.906" endtime="20200605 10:27:53.906"></status>
</kw>
<status status="PASS" starttime="20200605 10:27:53.906" endtime="20200605 10:27:53.906"></status>
</kw>
<kw name="${item} = {'id': '2', 'employee_name': 'Garrett Winters', 'employee_salary': '170750', 'employee_age': '63', 'profile_image': ''}" type="foritem">
<kw name="Append To List" library="Collections">
<doc>Adds ``values`` to the end of ``list``.</doc>
<arguments>
<arg>${id_list}</arg>
<arg>${item}[id]</arg>
</arguments>
<status status="PASS" starttime="20200605 10:27:53.906" endtime="20200605 10:27:53.906"></status>
</kw>
<status status="PASS" starttime="20200605 10:27:53.906" endtime="20200605 10:27:53.907"></status>
</kw>
<kw name="${item} = {'id': '3', 'employee_name': 'Ashton Cox', 'employee_salary': '86000', 'employee_age': '66', 'profile_image': ''}" type="foritem">
<kw name="Append To List" library="Collections">
<doc>Adds ``values`` to the end of ``list``.</doc>
<arguments>
<arg>${id_list}</arg>
<arg>${item}[id]</arg>
</arguments>
<status status="PASS" starttime="20200605 10:27:53.907" endtime="20200605 10:27:53.907"></status>
</kw>
<status status="PASS" starttime="20200605 10:27:53.907" endtime="20200605 10:27:53.907"></status>
</kw>
<kw name="${item} = {'id': '4', 'employee_name': 'Cedric Kelly', 'employee_salary': '433060', 'employee_age': '22', 'profile_image': ''}" type="foritem">
<kw name="Append To List" library="Collections">
<doc>Adds ``values`` to the end of ``list``.</doc>
<arguments>
<arg>${id_list}</arg>
<arg>${item}[id]</arg>
</arguments>
<status status="PASS" starttime="20200605 10:27:53.907" endtime="20200605 10:27:53.907"></status>
</kw>
<status status="PASS" starttime="20200605 10:27:53.907" endtime="20200605 10:27:53.907"></status>
</kw>
<kw name="${item} = {'id': '5', 'employee_name': 'Airi Satou', 'employee_salary': '162700', 'employee_age': '33', 'profile_image': ''}" type="foritem">
<kw name="Append To List" library="Collections">
<doc>Adds ``values`` to the end of ``list``.</doc>
<arguments>
<arg>${id_list}</arg>
<arg>${item}[id]</arg>
</arguments>
<status status="PASS" starttime="20200605 10:27:53.907" endtime="20200605 10:27:53.907"></status>
</kw>
<status status="PASS" starttime="20200605 10:27:53.907" endtime="20200605 10:27:53.907"></status>
</kw>
<kw name="${item} = {'id': '6', 'employee_name': 'Brielle Williamson', 'employee_salary': '372000', 'employee_age': '61', 'profile_image': ''}" type="foritem">
<kw name="Append To List" library="Collections">
<doc>Adds ``values`` to the end of ``list``.</doc>
<arguments>
<arg>${id_list}</arg>
<arg>${item}[id]</arg>
</arguments>
<status status="PASS" starttime="20200605 10:27:53.908" endtime="20200605 10:27:53.908"></status>
</kw>
<status status="PASS" starttime="20200605 10:27:53.907" endtime="20200605 10:27:53.908"></status>
</kw>
<kw name="${item} = {'id': '7', 'employee_name': 'Herrod Chandler', 'employee_salary': '137500', 'employee_age': '59', 'profile_image': ''}" type="foritem">
<kw name="Append To List" library="Collections">
<doc>Adds ``values`` to the end of ``list``.</doc>
<arguments>
<arg>${id_list}</arg>
<arg>${item}[id]</arg>
</arguments>
<status status="PASS" starttime="20200605 10:27:53.908" endtime="20200605 10:27:53.908"></status>
</kw>
<status status="PASS" starttime="20200605 10:27:53.908" endtime="20200605 10:27:53.908"></status>
</kw>
<kw name="${item} = {'id': '8', 'employee_name': 'Rhona Davidson', 'employee_salary': '327900', 'employee_age': '55', 'profile_image': ''}" type="foritem">
<kw name="Append To List" library="Collections">
<doc>Adds ``values`` to the end of ``list``.</doc>
<arguments>
<arg>${id_list}</arg>
<arg>${item}[id]</arg>
</arguments>
<status status="PASS" starttime="20200605 10:27:53.908" endtime="20200605 10:27:53.908"></status>
</kw>
<status status="PASS" starttime="20200605 10:27:53.908" endtime="20200605 10:27:53.908"></status>
</kw>
<kw name="${item} = {'id': '9', 'employee_name': 'Colleen Hurst', 'employee_salary': '205500', 'employee_age': '39', 'profile_image': ''}" type="foritem">
<kw name="Append To List" library="Collections">
<doc>Adds ``values`` to the end of ``list``.</doc>
<arguments>
<arg>${id_list}</arg>
<arg>${item}[id]</arg>
</arguments>
<status status="PASS" starttime="20200605 10:27:53.908" endtime="20200605 10:27:53.909"></status>
</kw>
<status status="PASS" starttime="20200605 10:27:53.908" endtime="20200605 10:27:53.909"></status>
</kw>
<kw name="${item} = {'id': '10', 'employee_name': 'Sonya Frost', 'employee_salary': '103600', 'employee_age': '23', 'profile_image': ''}" type="foritem">
<kw name="Append To List" library="Collections">
<doc>Adds ``values`` to the end of ``list``.</doc>
<arguments>
<arg>${id_list}</arg>
<arg>${item}[id]</arg>
</arguments>
<status status="PASS" starttime="20200605 10:27:53.909" endtime="20200605 10:27:53.909"></status>
</kw>
<status status="PASS" starttime="20200605 10:27:53.909" endtime="20200605 10:27:53.909"></status>
</kw>
<kw name="${item} = {'id': '11', 'employee_name': 'Jena Gaines', 'employee_salary': '90560', 'employee_age': '30', 'profile_image': ''}" type="foritem">
<kw name="Append To List" library="Collections">
<doc>Adds ``values`` to the end of ``list``.</doc>
<arguments>
<arg>${id_list}</arg>
<arg>${item}[id]</arg>
</arguments>
<status status="PASS" starttime="20200605 10:27:53.909" endtime="20200605 10:27:53.909"></status>
</kw>
<status status="PASS" starttime="20200605 10:27:53.909" endtime="20200605 10:27:53.909"></status>
</kw>
<kw name="${item} = {'id': '12', 'employee_name': 'Quinn Flynn', 'employee_salary': '342000', 'employee_age': '22', 'profile_image': ''}" type="foritem">
<kw name="Append To List" library="Collections">
<doc>Adds ``values`` to the end of ``list``.</doc>
<arguments>
<arg>${id_list}</arg>
<arg>${item}[id]</arg>
</arguments>
<status status="PASS" starttime="20200605 10:27:53.909" endtime="20200605 10:27:53.910"></status>
</kw>
<status status="PASS" starttime="20200605 10:27:53.909" endtime="20200605 10:27:53.910"></status>
</kw>
<kw name="${item} = {'id': '13', 'employee_name': 'Charde Marshall', 'employee_salary': '470600', 'employee_age': '36', 'profile_image': ''}" type="foritem">
<kw name="Append To List" library="Collections">
<doc>Adds ``values`` to the end of ``list``.</doc>
<arguments>
<arg>${id_list}</arg>
<arg>${item}[id]</arg>
</arguments>
<status status="PASS" starttime="20200605 10:27:53.910" endtime="20200605 10:27:53.910"></status>
</kw>
<status status="PASS" starttime="20200605 10:27:53.910" endtime="20200605 10:27:53.910"></status>
</kw>
<kw name="${item} = {'id': '14', 'employee_name': 'Haley Kennedy', 'employee_salary': '313500', 'employee_age': '43', 'profile_image': ''}" type="foritem">
<kw name="Append To List" library="Collections">
<doc>Adds ``values`` to the end of ``list``.</doc>
<arguments>
<arg>${id_list}</arg>
<arg>${item}[id]</arg>
</arguments>
<status status="PASS" starttime="20200605 10:27:53.910" endtime="20200605 10:27:53.910"></status>
</kw>
<status status="PASS" starttime="20200605 10:27:53.910" endtime="20200605 10:27:53.910"></status>
</kw>
<kw name="${item} = {'id': '15', 'employee_name': 'Tatyana Fitzpatrick', 'employee_salary': '385750', 'employee_age': '19', 'profile_image': ''}" type="foritem">
<kw name="Append To List" library="Collections">
<doc>Adds ``values`` to the end of ``list``.</doc>
<arguments>
<arg>${id_list}</arg>
<arg>${item}[id]</arg>
</arguments>
<status status="PASS" starttime="20200605 10:27:53.911" endtime="20200605 10:27:53.911"></status>
</kw>
<status status="PASS" starttime="20200605 10:27:53.910" endtime="20200605 10:27:53.911"></status>
</kw>
<kw name="${item} = {'id': '16', 'employee_name': 'Michael Silva', 'employee_salary': '198500', 'employee_age': '66', 'profile_image': ''}" type="foritem">
<kw name="Append To List" library="Collections">
<doc>Adds ``values`` to the end of ``list``.</doc>
<arguments>
<arg>${id_list}</arg>
<arg>${item}[id]</arg>
</arguments>
<status status="PASS" starttime="20200605 10:27:53.911" endtime="20200605 10:27:53.911"></status>
</kw>
<status status="PASS" starttime="20200605 10:27:53.911" endtime="20200605 10:27:53.911"></status>
</kw>
<kw name="${item} = {'id': '17', 'employee_name': 'Paul Byrd', 'employee_salary': '725000', 'employee_age': '64', 'profile_image': ''}" type="foritem">
<kw name="Append To List" library="Collections">
<doc>Adds ``values`` to the end of ``list``.</doc>
<arguments>
<arg>${id_list}</arg>
<arg>${item}[id]</arg>
</arguments>
<status status="PASS" starttime="20200605 10:27:53.911" endtime="20200605 10:27:53.911"></status>
</kw>
<status status="PASS" starttime="20200605 10:27:53.911" endtime="20200605 10:27:53.911"></status>
</kw>
<kw name="${item} = {'id': '18', 'employee_name': 'Gloria Little', 'employee_salary': '237500', 'employee_age': '59', 'profile_image': ''}" type="foritem">
<kw name="Append To List" library="Collections">
<doc>Adds ``values`` to the end of ``list``.</doc>
<arguments>
<arg>${id_list}</arg>
<arg>${item}[id]</arg>
</arguments>
<status status="PASS" starttime="20200605 10:27:53.911" endtime="20200605 10:27:53.912"></status>
</kw>
<status status="PASS" starttime="20200605 10:27:53.911" endtime="20200605 10:27:53.912"></status>
</kw>
<kw name="${item} = {'id': '19', 'employee_name': 'Bradley Greer', 'employee_salary': '132000', 'employee_age': '41', 'profile_image': ''}" type="foritem">
<kw name="Append To List" library="Collections">
<doc>Adds ``values`` to the end of ``list``.</doc>
<arguments>
<arg>${id_list}</arg>
<arg>${item}[id]</arg>
</arguments>
<status status="PASS" starttime="20200605 10:27:53.912" endtime="20200605 10:27:53.912"></status>
</kw>
<status status="PASS" starttime="20200605 10:27:53.912" endtime="20200605 10:27:53.912"></status>
</kw>
<kw name="${item} = {'id': '20', 'employee_name': 'Dai Rios', 'employee_salary': '217500', 'employee_age': '35', 'profile_image': ''}" type="foritem">
<kw name="Append To List" library="Collections">
<doc>Adds ``values`` to the end of ``list``.</doc>
<arguments>
<arg>${id_list}</arg>
<arg>${item}[id]</arg>
</arguments>
<status status="PASS" starttime="20200605 10:27:53.912" endtime="20200605 10:27:53.912"></status>
</kw>
<status status="PASS" starttime="20200605 10:27:53.912" endtime="20200605 10:27:53.912"></status>
</kw>
<kw name="${item} = {'id': '21', 'employee_name': 'Jenette Caldwell', 'employee_salary': '345000', 'employee_age': '30', 'profile_image': ''}" type="foritem">
<kw name="Append To List" library="Collections">
<doc>Adds ``values`` to the end of ``list``.</doc>
<arguments>
<arg>${id_list}</arg>
<arg>${item}[id]</arg>
</arguments>
<status status="PASS" starttime="20200605 10:27:53.912" endtime="20200605 10:27:53.913"></status>
</kw>
<status status="PASS" starttime="20200605 10:27:53.912" endtime="20200605 10:27:53.913"></status>
</kw>
<kw name="${item} = {'id': '22', 'employee_name': 'Yuri Berry', 'employee_salary': '675000', 'employee_age': '40', 'profile_image': ''}" type="foritem">
<kw name="Append To List" library="Collections">
<doc>Adds ``values`` to the end of ``list``.</doc>
<arguments>
<arg>${id_list}</arg>
<arg>${item}[id]</arg>
</arguments>
<status status="PASS" starttime="20200605 10:27:53.913" endtime="20200605 10:27:53.913"></status>
</kw>
<status status="PASS" starttime="20200605 10:27:53.913" endtime="20200605 10:27:53.913"></status>
</kw>
<kw name="${item} = {'id': '23', 'employee_name': 'Caesar Vance', 'employee_salary': '106450', 'employee_age': '21', 'profile_image': ''}" type="foritem">
<kw name="Append To List" library="Collections">
<doc>Adds ``values`` to the end of ``list``.</doc>
<arguments>
<arg>${id_list}</arg>
<arg>${item}[id]</arg>
</arguments>
<status status="PASS" starttime="20200605 10:27:53.913" endtime="20200605 10:27:53.913"></status>
</kw>
<status status="PASS" starttime="20200605 10:27:53.913" endtime="20200605 10:27:53.913"></status>
</kw>
<kw name="${item} = {'id': '24', 'employee_name': 'Doris Wilder', 'employee_salary': '85600', 'employee_age': '23', 'profile_image': ''}" type="foritem">
<kw name="Append To List" library="Collections">
<doc>Adds ``values`` to the end of ``list``.</doc>
<arguments>
<arg>${id_list}</arg>
<arg>${item}[id]</arg>
</arguments>
<status status="PASS" starttime="20200605 10:27:53.913" endtime="20200605 10:27:53.913"></status>
</kw>
<status status="PASS" starttime="20200605 10:27:53.913" endtime="20200605 10:27:53.913"></status>
</kw>
<kw name="${item} = {'employee_name': 'test1', 'employee_salary': '10000', 'employee_age': '23', 'id': 40}" type="foritem">
<kw name="Append To List" library="Collections">
<doc>Adds ``values`` to the end of ``list``.</doc>
<arguments>
<arg>${id_list}</arg>
<arg>${item}[id]</arg>
</arguments>
<status status="PASS" starttime="20200605 10:27:53.914" endtime="20200605 10:27:53.914"></status>
</kw>
<status status="PASS" starttime="20200605 10:27:53.913" endtime="20200605 10:27:53.914"></status>
</kw>
<status status="PASS" starttime="20200605 10:27:53.906" endtime="20200605 10:27:53.914"></status>
</kw>
<kw name="List Should Contain Value" library="Collections">
<doc>Fails if the ``value`` is not found from ``list``.</doc>
<arguments>
<arg>${id_list}</arg>
<arg>${NEWEMPLOYEE}[data][id]</arg>
</arguments>
<msg timestamp="20200605 10:27:53.914" level="FAIL">Variable '${NEWEMPLOYEE}' not found.</msg>
<status status="FAIL" starttime="20200605 10:27:53.914" endtime="20200605 10:27:53.914"></status>
</kw>
<tags>
<tag>global</tag>
</tags>
<status status="FAIL" starttime="20200605 10:27:52.958" endtime="20200605 10:27:53.914" critical="yes">Variable '${NEWEMPLOYEE}' not found.</status>
</test>
<test id="s1-t9" name="Check new employee is deleted successfully">
<kw name="Convert To String" library="BuiltIn">
<doc>Converts the given item to a Unicode string.</doc>
<arguments>
<arg>${NEWEMPLOYEE}[data][id]</arg>
</arguments>
<assign>
<var>${new_id}</var>
</assign>
<msg timestamp="20200605 10:27:53.915" level="FAIL">Variable '${NEWEMPLOYEE}' not found.</msg>
<status status="FAIL" starttime="20200605 10:27:53.915" endtime="20200605 10:27:53.915"></status>
</kw>
<status status="FAIL" starttime="20200605 10:27:53.915" endtime="20200605 10:27:53.915" critical="yes">Variable '${NEWEMPLOYEE}' not found.</status>
</test>
<doc>test employee API</doc>
<status status="FAIL" starttime="20200605 10:27:51.146" endtime="20200605 10:27:53.916"></status>
</suite>
<statistics>
<total>
<stat pass="2" fail="7">Critical Tests</stat>
<stat pass="2" fail="7">All Tests</stat>
</total>
<tag>
<stat pass="0" fail="1">Create</stat>
<stat pass="1" fail="1">Delete</stat>
<stat pass="0" fail="1">Display</stat>
<stat pass="1" fail="0">GET</stat>
<stat pass="0" fail="2">global</stat>
<stat pass="0" fail="1">Verify</stat>
</tag>
<suite>
<stat pass="2" fail="7" id="s1" name="Test Employee">Test Employee</stat>
</suite>
</statistics>
<errors>
<msg timestamp="20200605 10:27:51.146" level="ERROR">Error in file 'C:\Users\janey_zhou\Desktop\UI API Automation\Framewrok\RFAuto\API\test_suite\test_employee.robot' on line 9: Invalid variable name 'Set Global Variable'.</msg>
<msg timestamp="20200605 10:27:51.250" level="ERROR">Error in file 'C:\Users\janey_zhou\Desktop\UI API Automation\Framewrok\RFAuto\API\employee_api\employee_resource.robot' on line 6: Variable file 'endPoint.py' does not exist.</msg>
</errors>
</robot>
